<?xml version="1.0" encoding="UTF-8"?>
<testng-results ignored="0" total="2" passed="2" failed="0" skipped="0">
  <reporter-output>
  </reporter-output>
  <suite started-at="2024-11-11T15:16:02 IST" name="Default suite" finished-at="2024-11-11T15:16:43 IST" duration-ms="40462">
    <groups>
      <group name="Regression">
        <method signature="LandingPageTest.OrderHistoryTest()[pri:1, instance:smrutisamal.SeleniumFrameworkDesign.LandingPageTest@1151e434]" name="OrderHistoryTest" class="smrutisamal.SeleniumFrameworkDesign.LandingPageTest"/>
      </group> <!-- Regression -->
      <group name="Smoke">
        <method signature="LandingPageTest.submitOrder(java.util.HashMap)[pri:2, instance:smrutisamal.SeleniumFrameworkDesign.LandingPageTest@1151e434]" name="submitOrder" class="smrutisamal.SeleniumFrameworkDesign.LandingPageTest"/>
      </group> <!-- Smoke -->
    </groups>
    <test started-at="2024-11-11T15:16:02 IST" name="Default test" finished-at="2024-11-11T15:16:43 IST" duration-ms="40462">
      <class name="smrutisamal.SeleniumFrameworkDesign.LandingPageTest">
        <test-method signature="OrderHistoryTest()[pri:1, instance:smrutisamal.SeleniumFrameworkDesign.LandingPageTest@1151e434]" started-at="2024-11-11T15:16:02 IST" name="OrderHistoryTest" finished-at="2024-11-11T15:16:08 IST" duration-ms="5334" status="PASS">
          <reporter-output>
          </reporter-output>
        </test-method> <!-- OrderHistoryTest -->
        <test-method is-config="true" signature="tearDown()[pri:0, instance:smrutisamal.SeleniumFrameworkDesign.LandingPageTest@1151e434]" started-at="2024-11-11T15:16:08 IST" name="tearDown" finished-at="2024-11-11T15:16:08 IST" duration-ms="491" status="PASS">
          <reporter-output>
          </reporter-output>
        </test-method> <!-- tearDown -->
        <test-method signature="submitOrder(java.util.HashMap)[pri:2, instance:smrutisamal.SeleniumFrameworkDesign.LandingPageTest@1151e434]" started-at="2024-11-11T15:16:08 IST" name="submitOrder" data-provider="getData" finished-at="2024-11-11T15:16:42 IST" duration-ms="33858" status="PASS">
          <params>
            <param index="0">
              <value>
                <![CDATA[{password=Smruti@2219, product=ZARA COAT 3, email=pikunew2219@gmail.com}]]>
              </value>
            </param>
          </params>
          <reporter-output>
          </reporter-output>
        </test-method> <!-- submitOrder -->
        <test-method is-config="true" signature="tearDown()[pri:0, instance:smrutisamal.SeleniumFrameworkDesign.LandingPageTest@1151e434]" started-at="2024-11-11T15:16:42 IST" name="tearDown" finished-at="2024-11-11T15:16:43 IST" duration-ms="723" status="PASS">
          <reporter-output>
          </reporter-output>
        </test-method> <!-- tearDown -->
      </class> <!-- smrutisamal.SeleniumFrameworkDesign.LandingPageTest -->
    </test> <!-- Default test -->
  </suite> <!-- Default suite -->
</testng-results>
