<?xml version="1.0" encoding="UTF-8"?>
<!-- Generated by org.testng.reporters.JUnitXMLReporter -->
<testsuite ignored="1" hostname="INPL-5CD42515T4" failures="1" tests="2" name="Submit Order Test" time="33.243" errors="0" timestamp="2024-11-11T15:01:14 IST">
  <testcase classname="smrutisamal.SeleniumFrameworkDesign.LandingPageTest" name="submitOrder" time="32.311"/>
  <testcase classname="smrutisamal.SeleniumFrameworkDesign.LandingPageTest" name="submitOrder" time="33.208">
    <failure type="org.testng.internal.reflect.MethodMatcherException" message="
[public void smrutisamal.SeleniumFrameworkDesign.LandingPageTest.submitOrder(java.util.HashMap) throws java.io.IOException] has no parameters defined but was found to be using a data provider (either explicitly specified or inherited from class level annotation).
Data provider mismatch
Method: submitOrder([Parameter{index=0, type=java.util.HashMap, declaredAnnotations=[]}])
Arguments: []">
      <![CDATA[org.testng.internal.reflect.MethodMatcherException: 
[public void smrutisamal.SeleniumFrameworkDesign.LandingPageTest.submitOrder(java.util.HashMap) throws java.io.IOException] has no parameters defined but was found to be using a data provider (either explicitly specified or inherited from class level annotation).
Data provider mismatch
Method: submitOrder([Parameter{index=0, type=java.util.HashMap, declaredAnnotations=[]}])
Arguments: []
at java.base/java.util.ArrayList.forEach(ArrayList.java:1597)
at java.base/java.util.concurrent.FutureTask.run(FutureTask.java:317)
at java.base/java.util.concurrent.ThreadPoolExecutor.runWorker(ThreadPoolExecutor.java:1144)
at java.base/java.util.concurrent.ThreadPoolExecutor$Worker.run(ThreadPoolExecutor.java:642)
at java.base/java.lang.Thread.run(Thread.java:1570)
... Removed 13 stack frames]]>
    </failure>
  </testcase> <!-- submitOrder -->
  <testcase classname="smrutisamal.SeleniumFrameworkDesign.LandingPageTest" name="OrderHistoryTest" time="0.0">
    <ignored/>
  </testcase> <!-- OrderHistoryTest -->
</testsuite> <!-- Submit Order Test -->
