<?xml version="1.0" encoding="UTF-8"?>
<!-- Generated by org.testng.reporters.JUnitXMLReporter -->
<testsuite ignored="0" hostname="INPL-5CD42515T4" failures="0" tests="2" name="Default test" time="40.462" errors="0" timestamp="2024-11-11T15:16:43 IST">
  <testcase classname="smrutisamal.SeleniumFrameworkDesign.LandingPageTest" name="OrderHistoryTest" time="5.334"/>
  <testcase classname="smrutisamal.SeleniumFrameworkDesign.LandingPageTest" name="submitOrder" time="33.858"/>
</testsuite> <!-- Default test -->
